<?xml version="1.0" encoding="UTF-8"?>
<!-- Generated by org.testng.reporters.JUnitReportReporter -->
<testsuite hostname="DESKTOP-PM6TT8O" failures="0" tests="2" name="com.mycompany.app.AppiumTest" time="0.002" errors="0" timestamp="07 Apr 2019 04:26:59 GMT" skipped="0">
  <testcase classname="com.mycompany.app.AppiumTest" name="NativeAppAndroid" time="0.000"/>
  <testcase classname="com.mycompany.app.AppiumTest" name="IOSApps" time="0.002"/>
</testsuite> <!-- com.mycompany.app.AppiumTest -->
