<?xml version="1.0" encoding="UTF-8"?>
<!-- Generated by org.testng.reporters.JUnitReportReporter -->
<testsuite hostname="DESKTOP-PM6TT8O" failures="0" tests="2" name="com.mycompany.app.RESTAPITest" time="0.001" errors="0" timestamp="07 Apr 2019 04:35:16 GMT" skipped="0">
  <testcase classname="com.mycompany.app.RESTAPITest" name="deleteTwitter" time="0.001"/>
  <testcase classname="com.mycompany.app.RESTAPITest" name="postJira" time="0.000"/>
</testsuite> <!-- com.mycompany.app.RESTAPITest -->
